[11-May-2016 18:56:41 Europe/Moscow] mail() on [/home/httpd/vhosts/cpa-private.biz/private/model/cpa-private.biz/user.php:103]: To: agap91@bk.ru -- Headers: MIME-Version: 1.0  Content-type: text/html; charset=utf-8   From: Приватная партнерская программа <no-reply@cpa-private.biz>
[12-May-2016 09:59:30 Europe/Moscow] mail() on [/home/httpd/vhosts/cpa-private.biz/private/model/cpa-private.biz/user.php:103]: To: agap91@bk.ru -- Headers: MIME-Version: 1.0  Content-type: text/html; charset=utf-8   From: Приватная партнерская программа <no-reply@cpa-private.biz>
[12-May-2016 10:02:30 Europe/Moscow] mail() on [/home/httpd/vhosts/cpa-private.biz/private/model/cpa-private.biz/user.php:103]: To: agap91@bk.ru -- Headers: MIME-Version: 1.0  Content-type: text/html; charset=utf-8   From: Приватная партнерская программа <no-reply@cpa-private.biz>
[12-May-2016 13:49:45 Europe/Moscow] mail() on [/home/httpd/vhosts/cpa-private.biz/private/model/cpa-private.biz/user.php:103]: To: sl.lok@yandex.ru -- Headers: MIME-Version: 1.0  Content-type: text/html; charset=utf-8   From: Приватная партнерская программа <no-reply@cpa-private.biz>
[14-Jun-2016 00:38:56 Europe/Moscow] mail() on [/home/httpd/vhosts/cpa-private.biz/private/model/cpa-private.biz/sms.php:141]: To: agap91@bk.ru -- Headers: MIME-Version: 1.0  Content-type: text/html; charset=utf-8   From: Приватная партнерская программа <no-reply@cpa-private.biz>
[17-Jun-2016 01:51:49 Europe/Moscow] mail() on [/home/httpd/vhosts/cpa-private.biz/private/model/cpa-private.biz/user.php:524]: To: agap91@bk.ru -- Headers: MIME-Version: 1.0  Content-type: text/html; charset=utf-8   From: Приватная партнерская программа <no-reply@cpa-private.biz>
[17-Jun-2016 01:54:21 Europe/Moscow] mail() on [/home/httpd/vhosts/cpa-private.biz/private/model/cpa-private.biz/user.php:524]: To: sl.lok@yandex.ru -- Headers: MIME-Version: 1.0  Content-type: text/html; charset=utf-8   From: Приватная партнерская программа <no-reply@cpa-private.biz>
[17-Jun-2016 14:42:13 Europe/Moscow] mail() on [/home/httpd/vhosts/cpa-private.biz/private/model/cpa-private.biz/user.php:525]: To: sl.lok@yandex.ru -- Headers: MIME-Version: 1.0  Content-type: text/html; charset=utf-8   From: Приватная партнерская программа <no-reply@cpa-private.biz>
[17-Jun-2016 14:42:16 Europe/Moscow] mail() on [/home/httpd/vhosts/cpa-private.biz/private/model/cpa-private.biz/user.php:525]: To: sl.lok@yandex.ru -- Headers: MIME-Version: 1.0  Content-type: text/html; charset=utf-8   From: Приватная партнерская программа <no-reply@cpa-private.biz>
[23-Jun-2016 13:32:59 Europe/Moscow] mail() on [/home/httpd/vhosts/cpa-private.biz/private/model/cpa-private.biz/sms.php:141]: To: sl.lok@yandex.ru -- Headers: MIME-Version: 1.0  Content-type: text/html; charset=utf-8   From: Приватная партнерская программа <no-reply@cpa-private.biz>
[24-Jun-2016 11:39:29 Europe/Moscow] mail() on [/home/httpd/vhosts/cpa-private.biz/private/model/cpa-private.biz/sms.php:141]: To: sl.lok@yandex.ru -- Headers: MIME-Version: 1.0  Content-type: text/html; charset=utf-8   From: Приватная партнерская программа <no-reply@cpa-private.biz>
[24-Jun-2016 11:53:41 Europe/Moscow] mail() on [/home/httpd/vhosts/cpa-private.biz/private/model/cpa-private.biz/sms.php:141]: To: sl.lok@yandex.ru -- Headers: MIME-Version: 1.0  Content-type: text/html; charset=utf-8   From: Приватная партнерская программа <no-reply@cpa-private.biz>
[24-Jun-2016 16:37:08 Europe/Moscow] mail() on [/home/httpd/vhosts/cpa-private.biz/private/model/cpa-private.biz/user.php:103]: To: slep48@mail.ru -- Headers: MIME-Version: 1.0  Content-type: text/html; charset=utf-8   From: Приватная партнерская программа <no-reply@cpa-private.biz>
[24-Jun-2016 17:21:22 Europe/Moscow] mail() on [/home/httpd/vhosts/cpa-private.biz/private/model/cpa-private.biz/sms.php:141]: To: sl.lok@yandex.ru -- Headers: MIME-Version: 1.0  Content-type: text/html; charset=utf-8   From: Приватная партнерская программа <no-reply@cpa-private.biz>
[24-Jun-2016 17:21:57 Europe/Moscow] mail() on [/home/httpd/vhosts/cpa-private.biz/private/model/cpa-private.biz/sms.php:141]: To: sl.lok@yandex.ru -- Headers: MIME-Version: 1.0  Content-type: text/html; charset=utf-8   From: Приватная партнерская программа <no-reply@cpa-private.biz>
[24-Jun-2016 17:22:33 Europe/Moscow] mail() on [/home/httpd/vhosts/cpa-private.biz/private/model/cpa-private.biz/sms.php:141]: To: sl.lok@yandex.ru -- Headers: MIME-Version: 1.0  Content-type: text/html; charset=utf-8   From: Приватная партнерская программа <no-reply@cpa-private.biz>
[24-Jun-2016 17:23:02 Europe/Moscow] mail() on [/home/httpd/vhosts/cpa-private.biz/private/model/cpa-private.biz/sms.php:141]: To: sl.lok@yandex.ru -- Headers: MIME-Version: 1.0  Content-type: text/html; charset=utf-8   From: Приватная партнерская программа <no-reply@cpa-private.biz>
[03-Jul-2016 11:44:52 Europe/Moscow] mail() on [/home/httpd/vhosts/cpa-private.biz/private/model/cpa-private.biz/user.php:555]: To: sl.lok@yandex.ru -- Headers: MIME-Version: 1.0  Content-type: text/html; charset=utf-8   From: Приватная партнерская программа <no-reply@cpa-private.biz>
[03-Jul-2016 12:55:00 Europe/Moscow] mail() on [/home/httpd/vhosts/cpa-private.biz/private/model/cpa-private.biz/user.php:555]: To: sl.lok@yandex.ru -- Headers: MIME-Version: 1.0  Content-type: text/html; charset=utf-8   From: Приватная партнерская программа <no-reply@cpa-private.biz>
[03-Jul-2016 12:56:56 Europe/Moscow] mail() on [/home/httpd/vhosts/cpa-private.biz/private/model/cpa-private.biz/user.php:555]: To: agap91@bk.ru -- Headers: MIME-Version: 1.0  Content-type: text/html; charset=utf-8   From: Приватная партнерская программа <no-reply@cpa-private.biz>
[04-Jul-2016 18:02:41 Europe/Moscow] mail() on [/home/httpd/vhosts/cpa-private.biz/private/model/cpa-private.biz/user.php:274]: To: remedio.post.part@yandex.ru -- Headers: MIME-Version: 1.0  Content-type: text/html; charset=utf-8   From: Приватная партнерская программа <no-reply@cpa-private.biz>
[04-Jul-2016 18:17:21 Europe/Moscow] mail() on [/home/httpd/vhosts/cpa-private.biz/private/model/cpa-private.biz/user.php:564]: To: agap91@bk.ru -- Headers: MIME-Version: 1.0  Content-type: text/html; charset=utf-8   From: Приватная партнерская программа <no-reply@cpa-private.biz>
[12-Jul-2016 20:44:02 Europe/Moscow] mail() on [/home/httpd/vhosts/cpa-private.biz/private/model/cpa-private.biz/user.php:274]: To: ae_wtf@mail.ru -- Headers: MIME-Version: 1.0  Content-type: text/html; charset=utf-8   From: Приватная партнерская программа <no-reply@cpa-private.biz>
[14-Jul-2016 16:31:34 Europe/Moscow] mail() on [/home/httpd/vhosts/cpa-private.biz/private/model/cpa-private.biz/user.php:274]: To: gusik220@gmail.com -- Headers: MIME-Version: 1.0  Content-type: text/html; charset=utf-8   From: Приватная партнерская программа <no-reply@cpa-private.biz>
[14-Jul-2016 16:33:47 Europe/Moscow] mail() on [/home/httpd/vhosts/cpa-private.biz/private/model/cpa-private.biz/user.php:274]: To: remedio.post.part@yandex.ru -- Headers: MIME-Version: 1.0  Content-type: text/html; charset=utf-8   From: Приватная партнерская программа <no-reply@cpa-private.biz>
[20-Jul-2016 03:59:01 Europe/Moscow] mail() on [/home/httpd/vhosts/cpa-private.biz/private/model/cpa-private.biz/user.php:274]: To: i.n.161984@gmail.com -- Headers: MIME-Version: 1.0  Content-type: text/html; charset=utf-8   From: Приватная партнерская программа <no-reply@cpa-private.biz>
[20-Jul-2016 11:31:36 Europe/Moscow] mail() on [/home/httpd/vhosts/cpa-private.biz/private/model/cpa-private.biz/user.php:274]: To: djohnbro1980@gmail.com -- Headers: MIME-Version: 1.0  Content-type: text/html; charset=utf-8   From: Приватная партнерская программа <no-reply@cpa-private.biz>
[20-Jul-2016 12:25:50 Europe/Moscow] mail() on [/home/httpd/vhosts/cpa-private.biz/private/model/cpa-private.biz/user.php:274]: To: Belyaich3455@yandex.ru -- Headers: MIME-Version: 1.0  Content-type: text/html; charset=utf-8   From: Приватная партнерская программа <no-reply@cpa-private.biz>
[20-Jul-2016 12:34:57 Europe/Moscow] mail() on [/home/httpd/vhosts/cpa-private.biz/private/model/cpa-private.biz/user.php:274]: To: immilat@gmail.com -- Headers: MIME-Version: 1.0  Content-type: text/html; charset=utf-8   From: Приватная партнерская программа <no-reply@cpa-private.biz>
[20-Jul-2016 12:37:02 Europe/Moscow] mail() on [/home/httpd/vhosts/cpa-private.biz/private/model/cpa-private.biz/user.php:274]: To: fx-shark@i.ua -- Headers: MIME-Version: 1.0  Content-type: text/html; charset=utf-8   From: Приватная партнерская программа <no-reply@cpa-private.biz>
[20-Jul-2016 12:37:35 Europe/Moscow] mail() on [/home/httpd/vhosts/cpa-private.biz/private/model/cpa-private.biz/user.php:274]: To: grom1991morg@mail.ru -- Headers: MIME-Version: 1.0  Content-type: text/html; charset=utf-8   From: Приватная партнерская программа <no-reply@cpa-private.biz>
[20-Jul-2016 12:38:17 Europe/Moscow] mail() on [/home/httpd/vhosts/cpa-private.biz/private/model/cpa-private.biz/user.php:274]: To: s.dieselkov@gmail.com -- Headers: MIME-Version: 1.0  Content-type: text/html; charset=utf-8   From: Приватная партнерская программа <no-reply@cpa-private.biz>
[20-Jul-2016 12:45:56 Europe/Moscow] mail() on [/home/httpd/vhosts/cpa-private.biz/private/model/cpa-private.biz/user.php:580]: To: sl.lok@yandex.ru -- Headers: MIME-Version: 1.0  Content-type: text/html; charset=utf-8   From: Приватная партнерская программа <no-reply@cpa-private.biz>
[20-Jul-2016 12:58:59 Europe/Moscow] mail() on [/home/httpd/vhosts/cpa-private.biz/private/model/cpa-private.biz/user.php:274]: To: roma.conect@yandex.ru -- Headers: MIME-Version: 1.0  Content-type: text/html; charset=utf-8   From: Приватная партнерская программа <no-reply@cpa-private.biz>
[20-Jul-2016 13:03:30 Europe/Moscow] mail() on [/home/httpd/vhosts/cpa-private.biz/private/model/cpa-private.biz/user.php:274]: To: slok.l@yandex.ru -- Headers: MIME-Version: 1.0  Content-type: text/html; charset=utf-8   From: Приватная партнерская программа <no-reply@cpa-private.biz>
[20-Jul-2016 13:05:38 Europe/Moscow] mail() on [/home/httpd/vhosts/cpa-private.biz/private/model/cpa-private.biz/user.php:274]: To: santastyle@mail.ru -- Headers: MIME-Version: 1.0  Content-type: text/html; charset=utf-8   From: Приватная партнерская программа <no-reply@cpa-private.biz>
[20-Jul-2016 13:53:17 Europe/Moscow] mail() on [/home/httpd/vhosts/cpa-private.biz/private/model/cpa-private.biz/user.php:274]: To: 397085@gmail.com -- Headers: MIME-Version: 1.0  Content-type: text/html; charset=utf-8   From: Приватная партнерская программа <no-reply@cpa-private.biz>
[21-Jul-2016 12:48:35 Europe/Moscow] mail() on [/home/httpd/vhosts/cpa-private.biz/private/model/cpa-private.biz/user.php:274]: To: amarsenteva@shakes.pro -- Headers: MIME-Version: 1.0  Content-type: text/html; charset=utf-8   From: Приватная партнерская программа <no-reply@cpa-private.biz>
[25-Jul-2016 13:25:34 Europe/Moscow] mail() on [/home/httpd/vhosts/cpa-private.biz/private/model/cpa-private.biz/user.php:274]: To: alieksiei-kostin-1998@mail.ru -- Headers: MIME-Version: 1.0  Content-type: text/html; charset=utf-8   From: Приватная партнерская программа <no-reply@cpa-private.biz>
[25-Jul-2016 14:13:37 Europe/Moscow] mail() on [/home/httpd/vhosts/cpa-private.biz/private/model/cpa-private.biz/user.php:274]: To: teasik08@gmail.com -- Headers: MIME-Version: 1.0  Content-type: text/html; charset=utf-8   From: Приватная партнерская программа <no-reply@cpa-private.biz>
[25-Jul-2016 15:33:08 Europe/Moscow] mail() on [/home/httpd/vhosts/cpa-private.biz/private/model/cpa-private.biz/user.php:274]: To: akrustamru@gmail.com -- Headers: MIME-Version: 1.0  Content-type: text/html; charset=utf-8   From: Приватная партнерская программа <no-reply@cpa-private.biz>
[26-Jul-2016 14:23:49 Europe/Moscow] mail() on [/home/httpd/vhosts/cpa-private.biz/private/model/cpa-private.biz/sms.php:141]: To: sl.lok@yandex.ru -- Headers: MIME-Version: 1.0  Content-type: text/html; charset=utf-8   From: Приватная партнерская программа <no-reply@cpa-private.biz>
[27-Jul-2016 15:42:26 Europe/Moscow] mail() on [/home/httpd/vhosts/cpa-private.biz/private/model/cpa-private.biz/sms.php:141]: To: sl.lok@yandex.ru -- Headers: MIME-Version: 1.0  Content-type: text/html; charset=utf-8   From: Приватная партнерская программа <no-reply@cpa-private.biz>
[27-Jul-2016 15:42:27 Europe/Moscow] mail() on [/home/httpd/vhosts/cpa-private.biz/private/model/cpa-private.biz/sms.php:141]: To: sl.lok@yandex.ru -- Headers: MIME-Version: 1.0  Content-type: text/html; charset=utf-8   From: Приватная партнерская программа <no-reply@cpa-private.biz>
[29-Jul-2016 14:43:03 Europe/Moscow] mail() on [/home/httpd/vhosts/cpa-private.biz/private/model/cpa-private.biz/sms.php:141]: To: sl.lok@yandex.ru -- Headers: MIME-Version: 1.0  Content-type: text/html; charset=utf-8   From: Приватная партнерская программа <no-reply@cpa-private.biz>
[29-Jul-2016 15:28:51 Europe/Moscow] mail() on [/home/httpd/vhosts/cpa-private.biz/private/model/cpa-private.biz/sms.php:141]: To: sl.lok@yandex.ru -- Headers: MIME-Version: 1.0  Content-type: text/html; charset=utf-8   From: Приватная партнерская программа <no-reply@cpa-private.biz>
[31-Jul-2016 16:18:51 Europe/Moscow] mail() on [/home/httpd/vhosts/cpa-private.biz/private/model/cpa-private.biz/user.php:580]: To: sl.lok@yandex.ru -- Headers: MIME-Version: 1.0  Content-type: text/html; charset=utf-8   From: Приватная партнерская программа <no-reply@cpa-private.biz>
[31-Jul-2016 18:35:47 Europe/Moscow] mail() on [/home/httpd/vhosts/cpa-private.biz/private/model/cpa-private.biz/user.php:601]: To: sl.lok@yandex.ru -- Headers: MIME-Version: 1.0  Content-type: text/html; charset=utf-8   From: Приватная партнерская программа <no-reply@cpa-private.biz>
[01-Aug-2016 11:07:32 Europe/Moscow] mail() on [/home/httpd/vhosts/cpa-private.biz/private/model/cpa-private.biz/user.php:601]: To: sl.lok@yandex.ru -- Headers: MIME-Version: 1.0  Content-type: text/html; charset=utf-8   From: Приватная партнерская программа <no-reply@cpa-private.biz>
[01-Aug-2016 12:51:54 Europe/Moscow] mail() on [/home/httpd/vhosts/cpa-private.biz/private/model/cpa-private.biz/user.php:601]: To: sl.lok@yandex.ru -- Headers: MIME-Version: 1.0  Content-type: text/html; charset=utf-8   From: Приватная партнерская программа <no-reply@cpa-private.biz>
[01-Aug-2016 13:23:12 Europe/Moscow] mail() on [/home/httpd/vhosts/cpa-private.biz/private/model/cpa-private.biz/user.php:601]: To: sl.lok@yandex.ru -- Headers: MIME-Version: 1.0  Content-type: text/html; charset=utf-8   From: Приватная партнерская программа <no-reply@cpa-private.biz>
[01-Aug-2016 13:25:30 Europe/Moscow] mail() on [/home/httpd/vhosts/cpa-private.biz/private/model/cpa-private.biz/user.php:601]: To: sl.lok@yandex.ru -- Headers: MIME-Version: 1.0  Content-type: text/html; charset=utf-8   From: Приватная партнерская программа <no-reply@cpa-private.biz>
[01-Aug-2016 13:25:37 Europe/Moscow] mail() on [/home/httpd/vhosts/cpa-private.biz/private/model/cpa-private.biz/user.php:601]: To: sl.lok@yandex.ru -- Headers: MIME-Version: 1.0  Content-type: text/html; charset=utf-8   From: Приватная партнерская программа <no-reply@cpa-private.biz>
[01-Aug-2016 13:41:47 Europe/Moscow] mail() on [/home/httpd/vhosts/cpa-private.biz/private/model/cpa-private.biz/sms.php:141]: To: sl.lok@yandex.ru -- Headers: MIME-Version: 1.0  Content-type: text/html; charset=utf-8   From: Приватная партнерская программа <no-reply@cpa-private.biz>
[02-Aug-2016 18:24:46 Europe/Moscow] mail() on [/home/httpd/vhosts/cpa-private.biz/private/model/cpa-private.biz/user.php:274]: To: t0st0r@yandex.ru -- Headers: MIME-Version: 1.0  Content-type: text/html; charset=utf-8   From: Приватная партнерская программа <no-reply@cpa-private.biz>
[11-Aug-2016 13:31:01 Europe/Moscow] mail() on [/home/httpd/vhosts/cpa-private.biz/private/model/cpa-private.biz/user.php:601]: To: sl.lok@yandex.ru -- Headers: MIME-Version: 1.0  Content-type: text/html; charset=utf-8   From: Приватная партнерская программа <no-reply@cpa-private.biz>
[11-Aug-2016 13:46:07 Europe/Moscow] mail() on [/home/httpd/vhosts/cpa-private.biz/private/model/cpa-private.biz/user.php:103]: To: grom1991morg@mail.ru -- Headers: MIME-Version: 1.0  Content-type: text/html; charset=utf-8   From: Приватная партнерская программа <no-reply@cpa-private.biz>
[11-Aug-2016 13:47:35 Europe/Moscow] mail() on [/home/httpd/vhosts/cpa-private.biz/private/model/cpa-private.biz/user.php:103]: To: grom1991morg@mail.ru -- Headers: MIME-Version: 1.0  Content-type: text/html; charset=utf-8   From: Приватная партнерская программа <no-reply@cpa-private.biz>
[12-Aug-2016 16:13:56 Europe/Moscow] mail() on [/home/httpd/vhosts/cpa-private.biz/private/model/cpa-private.biz/user.php:274]: To: timaxaker3@yandex.ru -- Headers: MIME-Version: 1.0  Content-type: text/html; charset=utf-8   From: Приватная партнерская программа <no-reply@cpa-private.biz>
[14-Aug-2016 23:35:43 Europe/Moscow] mail() on [/home/httpd/vhosts/cpa-private.biz/private/model/cpa-private.biz/user.php:279]: To: agap91@bk.ru -- Headers: MIME-Version: 1.0  Content-type: text/html; charset=utf-8   From: Приватная партнерская программа <no-reply@cpa-private.biz>
[14-Aug-2016 23:42:14 Europe/Moscow] mail() on [/home/httpd/vhosts/cpa-private.biz/private/model/cpa-private.biz/user.php:280]: To: agap91@bk.ru -- Headers: MIME-Version: 1.0  Content-type: text/html; charset=utf-8   From: Приватная партнерская программа <no-reply@cpa-private.biz>
[15-Aug-2016 10:59:25 Europe/Moscow] mail() on [/home/httpd/vhosts/cpa-private.biz/private/model/cpa-private.biz/user.php:280]: To: paulina6524@gmail.com -- Headers: MIME-Version: 1.0  Content-type: text/html; charset=utf-8   From: Приватная партнерская программа <no-reply@cpa-private.biz>
[15-Aug-2016 13:13:23 Europe/Moscow] mail() on [/home/httpd/vhosts/cpa-private.biz/private/model/cpa-private.biz/sms.php:141]: To: sl.lok@yandex.ru -- Headers: MIME-Version: 1.0  Content-type: text/html; charset=utf-8   From: Приватная партнерская программа <no-reply@cpa-private.biz>
[15-Aug-2016 13:13:24 Europe/Moscow] mail() on [/home/httpd/vhosts/cpa-private.biz/private/model/cpa-private.biz/sms.php:141]: To: sl.lok@yandex.ru -- Headers: MIME-Version: 1.0  Content-type: text/html; charset=utf-8   From: Приватная партнерская программа <no-reply@cpa-private.biz>
[16-Aug-2016 10:51:55 Europe/Moscow] mail() on [/home/httpd/vhosts/cpa-private.biz/private/model/cpa-private.biz/user.php:280]: To: happydemyan@gmail.com -- Headers: MIME-Version: 1.0  Content-type: text/html; charset=utf-8   From: Приватная партнерская программа <no-reply@cpa-private.biz>
[16-Aug-2016 12:26:08 Europe/Moscow] mail() on [/home/httpd/vhosts/cpa-private.biz/private/model/cpa-private.biz/user.php:609]: To: sl.lok@yandex.ru -- Headers: MIME-Version: 1.0  Content-type: text/html; charset=utf-8   From: Приватная партнерская программа <no-reply@cpa-private.biz>
[16-Aug-2016 12:26:40 Europe/Moscow] mail() on [/home/httpd/vhosts/cpa-private.biz/private/model/cpa-private.biz/user.php:609]: To: sl.lok@yandex.ru -- Headers: MIME-Version: 1.0  Content-type: text/html; charset=utf-8   From: Приватная партнерская программа <no-reply@cpa-private.biz>
[17-Aug-2016 12:05:55 Europe/Moscow] mail() on [/home/httpd/vhosts/cpa-private.biz/private/model/cpa-private.biz/user.php:280]: To: Cleanline-nn@mail.ru -- Headers: MIME-Version: 1.0  Content-type: text/html; charset=utf-8   From: Приватная партнерская программа <no-reply@cpa-private.biz>
[17-Aug-2016 12:12:23 Europe/Moscow] mail() on [/home/httpd/vhosts/cpa-private.biz/private/model/cpa-private.biz/user.php:280]: To: Support@laa2412.ru -- Headers: MIME-Version: 1.0  Content-type: text/html; charset=utf-8   From: Приватная партнерская программа <no-reply@cpa-private.biz>
[17-Aug-2016 12:57:03 Europe/Moscow] mail() on [/home/httpd/vhosts/cpa-private.biz/private/model/cpa-private.biz/user.php:280]: To: avtor24avtor@mail.ru -- Headers: MIME-Version: 1.0  Content-type: text/html; charset=utf-8   From: Приватная партнерская программа <no-reply@cpa-private.biz>
[18-Aug-2016 12:11:28 Europe/Moscow] mail() on [/home/httpd/vhosts/cpa-private.biz/private/model/cpa-private.biz/user.php:280]: To: madr0001@yandex.ru -- Headers: MIME-Version: 1.0  Content-type: text/html; charset=utf-8   From: Приватная партнерская программа <no-reply@cpa-private.biz>
[19-Aug-2016 13:55:51 Europe/Moscow] mail() on [/home/httpd/vhosts/cpa-private.biz/private/model/cpa-private.biz/user.php:280]: To: batut1k@bk.ru -- Headers: MIME-Version: 1.0  Content-type: text/html; charset=utf-8   From: Приватная партнерская программа <no-reply@cpa-private.biz>
[19-Aug-2016 14:21:32 Europe/Moscow] mail() on [/home/httpd/vhosts/cpa-private.biz/private/model/cpa-private.biz/user.php:280]: To: myraxowa@mail.ru -- Headers: MIME-Version: 1.0  Content-type: text/html; charset=utf-8   From: Приватная партнерская программа <no-reply@cpa-private.biz>
[19-Aug-2016 16:04:15 Europe/Moscow] mail() on [/home/httpd/vhosts/cpa-private.biz/private/model/cpa-private.biz/user.php:280]: To: ams779@gmail.com -- Headers: MIME-Version: 1.0  Content-type: text/html; charset=utf-8   From: Приватная партнерская программа <no-reply@cpa-private.biz>
[22-Aug-2016 11:50:12 Europe/Moscow] mail() on [/home/httpd/vhosts/cpa-private.biz/private/model/cpa-private.biz/user.php:280]: To: agap91@bk.ru -- Headers: MIME-Version: 1.0  Content-type: text/html; charset=utf-8   From: Приватная партнерская программа <no-reply@cpa-private.biz>
[22-Aug-2016 11:53:45 Europe/Moscow] mail() on [/home/httpd/vhosts/cpa-private.biz/private/model/cpa-private.biz/user.php:280]: To: agap91@bk.ru -- Headers: MIME-Version: 1.0  Content-type: text/html; charset=utf-8   From: Приватная партнерская программа <no-reply@cpa-private.biz>
[22-Aug-2016 11:57:53 Europe/Moscow] mail() on [/home/httpd/vhosts/cpa-private.biz/private/model/cpa-private.biz/user.php:280]: To: agap91@bk.ru -- Headers: MIME-Version: 1.0  Content-type: text/html; charset=utf-8   From: Приватная партнерская программа <no-reply@cpa-private.biz>
[22-Aug-2016 16:57:11 Europe/Moscow] mail() on [/home/httpd/vhosts/cpa-private.biz/private/model/cpa-private.biz/user.php:280]: To: wartrade@yandex.ru -- Headers: MIME-Version: 1.0  Content-type: text/html; charset=utf-8   From: Приватная партнерская программа <no-reply@cpa-private.biz>
[23-Aug-2016 01:33:00 Europe/Moscow] mail() on [/home/httpd/vhosts/cpa-private.biz/private/model/cpa-private.biz/user.php:633]: To: sl.lok@yandex.ru -- Headers: MIME-Version: 1.0  Content-type: text/html; charset=utf-8   From: Приватная партнерская программа <no-reply@cpa-private.biz>
[23-Aug-2016 01:35:24 Europe/Moscow] mail() on [/home/httpd/vhosts/cpa-private.biz/private/model/cpa-private.biz/user.php:637]: To: agap91@bk.ru -- Headers: MIME-Version: 1.0  Content-type: text/html; charset=utf-8   From: Приватная партнерская программа <no-reply@cpa-private.biz>
[23-Aug-2016 01:36:00 Europe/Moscow] mail() on [/home/httpd/vhosts/cpa-private.biz/private/model/cpa-private.biz/user.php:637]: To: agap91@bk.ru -- Headers: MIME-Version: 1.0  Content-type: text/html; charset=utf-8   From: Приватная партнерская программа <no-reply@cpa-private.biz>
[23-Aug-2016 01:39:45 Europe/Moscow] mail() on [/home/httpd/vhosts/cpa-private.biz/private/model/cpa-private.biz/user.php:637]: To: agap91@bk.ru -- Headers: MIME-Version: 1.0  Content-type: text/html; charset=utf-8   From: Приватная партнерская программа <no-reply@cpa-private.biz>
[23-Aug-2016 01:42:27 Europe/Moscow] mail() on [/home/httpd/vhosts/cpa-private.biz/private/model/cpa-private.biz/user.php:639]: To: agap91@bk.ru -- Headers: MIME-Version: 1.0  Content-type: text/html; charset=utf-8   From: Приватная партнерская программа <no-reply@cpa-private.biz>
[23-Aug-2016 01:42:45 Europe/Moscow] mail() on [/home/httpd/vhosts/cpa-private.biz/private/model/cpa-private.biz/user.php:639]: To: agap91@bk.ru -- Headers: MIME-Version: 1.0  Content-type: text/html; charset=utf-8   From: Приватная партнерская программа <no-reply@cpa-private.biz>
[23-Aug-2016 01:44:14 Europe/Moscow] mail() on [/home/httpd/vhosts/cpa-private.biz/private/model/cpa-private.biz/user.php:640]: To: agap911@yandex.ru -- Headers: MIME-Version: 1.0  Content-type: text/html; charset=utf-8   From: Приватная партнерская программа <no-reply@cpa-private.biz>
[23-Aug-2016 01:46:34 Europe/Moscow] mail() on [/home/httpd/vhosts/cpa-private.biz/private/model/cpa-private.biz/user.php:640]: To: agap911@yandex.ru -- Headers: MIME-Version: 1.0  Content-type: text/html; charset=utf-8   From: Приватная партнерская программа <no-reply@cpa-private.biz>
[23-Aug-2016 01:47:10 Europe/Moscow] mail() on [/home/httpd/vhosts/cpa-private.biz/private/model/cpa-private.biz/user.php:640]: To: agap911@yandex.ru -- Headers: MIME-Version: 1.0  Content-type: text/html; charset=utf-8   From: Приватная партнерская программа <no-reply@cpa-private.biz>
[23-Aug-2016 01:47:42 Europe/Moscow] mail() on [/home/httpd/vhosts/cpa-private.biz/private/model/cpa-private.biz/user.php:640]: To: agap911@yandex.ru -- Headers: MIME-Version: 1.0  Content-type: text/html; charset=utf-8   From: Приватная партнерская программа <no-reply@cpa-private.biz>
[23-Aug-2016 01:48:17 Europe/Moscow] mail() on [/home/httpd/vhosts/cpa-private.biz/private/model/cpa-private.biz/user.php:639]: To: agap911@yandex.ru -- Headers: MIME-Version: 1.0  Content-type: text/html; charset=utf-8   From: Приватная партнерская программа <no-reply@cpa-private.biz>
[23-Aug-2016 01:51:29 Europe/Moscow] mail() on [/home/httpd/vhosts/cpa-private.biz/private/model/cpa-private.biz/user.php:639]: To: agap91@bk.ru -- Headers: MIME-Version: 1.0  Content-type: text/html; charset=utf-8   From: Приватная партнерская программа <no-reply@cpa-private.biz>
[23-Aug-2016 01:52:41 Europe/Moscow] mail() on [/home/httpd/vhosts/cpa-private.biz/private/model/cpa-private.biz/user.php:640]: To: agap911@yandex.ru -- Headers: MIME-Version: 1.0  Content-type: text/html; charset=windows-1251   From: Приватная партнерская программа <no-reply@cpa-private.biz>
[23-Aug-2016 01:53:06 Europe/Moscow] mail() on [/home/httpd/vhosts/cpa-private.biz/private/model/cpa-private.biz/user.php:640]: To: agap911@yandex.ru -- Headers: MIME-Version: 1.0  Content-type: text/html; charset=utf-8   From: Приватная партнерская программа <no-reply@cpa-private.biz>
[23-Aug-2016 01:53:37 Europe/Moscow] mail() on [/home/httpd/vhosts/cpa-private.biz/private/model/cpa-private.biz/user.php:640]: To: agap911@yandex.ru -- Headers: MIME-Version: 1.0  Content-type: text/html; charset=utf-8
[23-Aug-2016 01:56:08 Europe/Moscow] mail() on [/home/httpd/vhosts/cpa-private.biz/private/model/cpa-private.biz/user.php:640]: To: agap911@yandex.ru -- Headers: MIME-Version: 1.0  Content-type: text/html; charset=utf-8   From: Cpa-Private выплата <no-reply@cpa-private.biz>
[23-Aug-2016 11:31:24 Europe/Moscow] mail() on [/home/httpd/vhosts/cpa-private.biz/private/model/cpa-private.biz/user.php:280]: To: priwolnov.tosha2016@yandex.ru -- Headers: MIME-Version: 1.0  Content-type: text/html; charset=utf-8   From: Приватная партнерская программа <no-reply@cpa-private.biz>
[23-Aug-2016 11:37:26 Europe/Moscow] mail() on [/home/httpd/vhosts/cpa-private.biz/private/model/cpa-private.biz/user.php:615]: To: sl.lok@yandex.ru -- Headers: MIME-Version: 1.0  Content-type: text/html; charset=utf-8   From: Cpa-Private<no-reply@cpa-private.biz>
[23-Aug-2016 13:31:31 Europe/Moscow] mail() on [/home/httpd/vhosts/cpa-private.biz/private/model/cpa-private.biz/user.php:103]: To: sl.lok@yandex.ru -- Headers: MIME-Version: 1.0  Content-type: text/html; charset=utf-8   From: Приватная партнерская программа <no-reply@cpa-private.biz>
[23-Aug-2016 13:41:52 Europe/Moscow] mail() on [/home/httpd/vhosts/cpa-private.biz/private/model/cpa-private.biz/user.php:280]: To: slok.l01@yandex.ru -- Headers: MIME-Version: 1.0  Content-type: text/html; charset=utf-8   From: Приватная партнерская программа <no-reply@cpa-private.biz>
[23-Aug-2016 15:24:12 Europe/Moscow] mail() on [/home/httpd/vhosts/cpa-private.biz/private/model/cpa-private.biz/user.php:280]: To: agap911@yandex.ru -- Headers: MIME-Version: 1.0  Content-type: text/html; charset=utf-8   From: Приватная партнерская программа <no-reply@cpa-private.biz>   Content-type:text/html;charset=utf-8
[23-Aug-2016 15:26:47 Europe/Moscow] mail() on [/home/httpd/vhosts/cpa-private.biz/private/model/cpa-private.biz/user.php:281]: To: agap911@yandex.ru -- Headers: MIME-Version: 1.0  Content-type: text/html; charset=utf-8   From: Приватная партнерская программа  Reply-to:no-reply@cpa-private.biz  Content-type:text/html;charset=utf-8
[24-Aug-2016 17:41:56 Europe/Moscow] mail() on [/home/httpd/vhosts/cpa-private.biz/private/model/cpa-private.biz/user.php:280]: To: alexandr24@bk.ru -- Headers: MIME-Version: 1.0  Content-type: text/html; charset=utf-8   From: Cpa-Private <no-reply@cpa-private.biz>
[26-Aug-2016 10:29:00 Europe/Moscow] mail() on [/home/httpd/vhosts/cpa-private.biz/private/model/cpa-private.biz/sms.php:141]: To: sl.lok@yandex.ru -- Headers: MIME-Version: 1.0  Content-type: text/html; charset=utf-8   From: Приватная партнерская программа <no-reply@cpa-private.biz>
[26-Aug-2016 10:29:00 Europe/Moscow] mail() on [/home/httpd/vhosts/cpa-private.biz/private/model/cpa-private.biz/sms.php:141]: To: sl.lok@yandex.ru -- Headers: MIME-Version: 1.0  Content-type: text/html; charset=utf-8   From: Приватная партнерская программа <no-reply@cpa-private.biz>
[26-Aug-2016 10:29:00 Europe/Moscow] mail() on [/home/httpd/vhosts/cpa-private.biz/private/model/cpa-private.biz/sms.php:141]: To: sl.lok@yandex.ru -- Headers: MIME-Version: 1.0  Content-type: text/html; charset=utf-8   From: Приватная партнерская программа <no-reply@cpa-private.biz>
[26-Aug-2016 10:29:00 Europe/Moscow] mail() on [/home/httpd/vhosts/cpa-private.biz/private/model/cpa-private.biz/sms.php:141]: To: sl.lok@yandex.ru -- Headers: MIME-Version: 1.0  Content-type: text/html; charset=utf-8   From: Приватная партнерская программа <no-reply@cpa-private.biz>
[26-Aug-2016 10:29:00 Europe/Moscow] mail() on [/home/httpd/vhosts/cpa-private.biz/private/model/cpa-private.biz/sms.php:141]: To: sl.lok@yandex.ru -- Headers: MIME-Version: 1.0  Content-type: text/html; charset=utf-8   From: Приватная партнерская программа <no-reply@cpa-private.biz>
[26-Aug-2016 15:33:05 Europe/Moscow] mail() on [/home/httpd/vhosts/cpa-private.biz/private/model/cpa-private.biz/user.php:280]: To: we6master1990@gmail.com -- Headers: MIME-Version: 1.0  Content-type: text/html; charset=utf-8   From: Cpa-Private <no-reply@cpa-private.biz>
[26-Aug-2016 16:31:19 Europe/Moscow] mail() on [/home/httpd/vhosts/cpa-private.biz/private/model/cpa-private.biz/user.php:280]: To: namwe2015@yandex.ru -- Headers: MIME-Version: 1.0  Content-type: text/html; charset=utf-8   From: Cpa-Private <no-reply@cpa-private.biz>
[29-Aug-2016 15:54:17 Europe/Moscow] mail() on [/home/httpd/vhosts/cpa-private.biz/private/model/cpa-private.biz/user.php:280]: To: igorflyunt@gmail.com -- Headers: MIME-Version: 1.0  Content-type: text/html; charset=utf-8   From: Cpa-Private <no-reply@cpa-private.biz>
[31-Aug-2016 15:15:55 Europe/Moscow] mail() on [/home/httpd/vhosts/cpa-private.biz/private/model/cpa-private.biz/user.php:280]: To: sheroz4eg@mail.ru -- Headers: MIME-Version: 1.0  Content-type: text/html; charset=utf-8   From: Cpa-Private <no-reply@cpa-private.biz>
[05-Sep-2016 18:52:40 Europe/Moscow] mail() on [/home/httpd/vhosts/cpa-private.biz/private/model/cpa-private.biz/sms.php:141]: To: sl.lok@yandex.ru -- Headers: MIME-Version: 1.0  Content-type: text/html; charset=utf-8   From: Приватная партнерская программа <no-reply@cpa-private.biz>
[05-Sep-2016 18:52:53 Europe/Moscow] mail() on [/home/httpd/vhosts/cpa-private.biz/private/model/cpa-private.biz/sms.php:141]: To: sl.lok@yandex.ru -- Headers: MIME-Version: 1.0  Content-type: text/html; charset=utf-8   From: Приватная партнерская программа <no-reply@cpa-private.biz>
[05-Sep-2016 18:53:06 Europe/Moscow] mail() on [/home/httpd/vhosts/cpa-private.biz/private/model/cpa-private.biz/sms.php:141]: To: sl.lok@yandex.ru -- Headers: MIME-Version: 1.0  Content-type: text/html; charset=utf-8   From: Приватная партнерская программа <no-reply@cpa-private.biz>
[12-Sep-2016 13:06:05 Europe/Moscow] mail() on [/home/httpd/vhosts/cpa-private.biz/private/model/cpa-private.biz/user.php:280]: To: VadimArnold@mail.ru -- Headers: MIME-Version: 1.0  Content-type: text/html; charset=utf-8   From: Cpa-Private <no-reply@cpa-private.biz>
[14-Sep-2016 17:17:06 Europe/Moscow] mail() on [/home/httpd/vhosts/cpa-private.biz/private/model/cpa-private.biz/user.php:280]: To: tukturov@yandex.ru -- Headers: MIME-Version: 1.0  Content-type: text/html; charset=utf-8   From: Cpa-Private <no-reply@cpa-private.biz>
[15-Sep-2016 18:04:06 Europe/Moscow] mail() on [/home/httpd/vhosts/cpa-private.biz/private/model/cpa-private.biz/user.php:280]: To: cerxun@yandex.ru -- Headers: MIME-Version: 1.0  Content-type: text/html; charset=utf-8   From: Cpa-Private <no-reply@cpa-private.biz>
[16-Sep-2016 15:50:53 Europe/Moscow] mail() on [/home/httpd/vhosts/cpa-private.biz/private/model/cpa-private.biz/user.php:615]: To: sl.lok@yandex.ru -- Headers: MIME-Version: 1.0  Content-type: text/html; charset=utf-8   From: Cpa-Private<no-reply@cpa-private.biz>
[19-Sep-2016 18:07:37 Europe/Moscow] mail() on [/home/httpd/vhosts/cpa-private.biz/private/model/cpa-private.biz/user.php:280]: To: marik.happiness@gmail.com -- Headers: MIME-Version: 1.0  Content-type: text/html; charset=utf-8   From: Cpa-Private <no-reply@cpa-private.biz>
[27-Sep-2016 18:24:29 Europe/Moscow] mail() on [/home/httpd/vhosts/cpa-private.biz/private/model/cpa-private.biz/user.php:615]: To: sl.lok@yandex.ru -- Headers: MIME-Version: 1.0  Content-type: text/html; charset=utf-8   From: Cpa-Private<no-reply@cpa-private.biz>
[28-Sep-2016 14:46:40 Europe/Moscow] mail() on [/home/httpd/vhosts/cpa-private.biz/private/model/cpa-private.biz/sms.php:141]: To: sl.lok@yandex.ru -- Headers: MIME-Version: 1.0  Content-type: text/html; charset=utf-8   From: Приватная партнерская программа <no-reply@cpa-private.biz>
[29-Sep-2016 12:05:08 Europe/Moscow] mail() on [/home/httpd/vhosts/cpa-private.biz/private/model/cpa-private.biz/user.php:280]: To: Babelyan90@mail.ru -- Headers: MIME-Version: 1.0  Content-type: text/html; charset=utf-8   From: Cpa-Private <no-reply@cpa-private.biz>
[29-Sep-2016 12:16:56 Europe/Moscow] mail() on [/home/httpd/vhosts/cpa-private.biz/private/model/cpa-private.biz/sms.php:141]: To: sl.lok@yandex.ru -- Headers: MIME-Version: 1.0  Content-type: text/html; charset=utf-8   From: Приватная партнерская программа <no-reply@cpa-private.biz>
[29-Sep-2016 12:26:15 Europe/Moscow] mail() on [/home/httpd/vhosts/cpa-private.biz/private/model/cpa-private.biz/sms.php:141]: To: sl.lok@yandex.ru -- Headers: MIME-Version: 1.0  Content-type: text/html; charset=utf-8   From: Приватная партнерская программа <no-reply@cpa-private.biz>
[29-Sep-2016 12:32:29 Europe/Moscow] mail() on [/home/httpd/vhosts/cpa-private.biz/private/model/cpa-private.biz/sms.php:141]: To: sl.lok@yandex.ru -- Headers: MIME-Version: 1.0  Content-type: text/html; charset=utf-8   From: Приватная партнерская программа <no-reply@cpa-private.biz>
[29-Sep-2016 12:49:49 Europe/Moscow] mail() on [/home/httpd/vhosts/cpa-private.biz/private/model/cpa-private.biz/sms.php:141]: To: sl.lok@yandex.ru -- Headers: MIME-Version: 1.0  Content-type: text/html; charset=utf-8   From: Приватная партнерская программа <no-reply@cpa-private.biz>
[29-Sep-2016 12:50:24 Europe/Moscow] mail() on [/home/httpd/vhosts/cpa-private.biz/private/model/cpa-private.biz/sms.php:141]: To: sl.lok@yandex.ru -- Headers: MIME-Version: 1.0  Content-type: text/html; charset=utf-8   From: Приватная партнерская программа <no-reply@cpa-private.biz>
[29-Sep-2016 12:52:05 Europe/Moscow] mail() on [/home/httpd/vhosts/cpa-private.biz/private/model/cpa-private.biz/sms.php:141]: To: sl.lok@yandex.ru -- Headers: MIME-Version: 1.0  Content-type: text/html; charset=utf-8   From: Приватная партнерская программа <no-reply@cpa-private.biz>
[29-Sep-2016 12:53:39 Europe/Moscow] mail() on [/home/httpd/vhosts/cpa-private.biz/private/model/cpa-private.biz/sms.php:141]: To: sl.lok@yandex.ru -- Headers: MIME-Version: 1.0  Content-type: text/html; charset=utf-8   From: Приватная партнерская программа <no-reply@cpa-private.biz>
[29-Sep-2016 12:54:21 Europe/Moscow] mail() on [/home/httpd/vhosts/cpa-private.biz/private/model/cpa-private.biz/sms.php:141]: To: sl.lok@yandex.ru -- Headers: MIME-Version: 1.0  Content-type: text/html; charset=utf-8   From: Приватная партнерская программа <no-reply@cpa-private.biz>
[29-Sep-2016 12:55:18 Europe/Moscow] mail() on [/home/httpd/vhosts/cpa-private.biz/private/model/cpa-private.biz/sms.php:141]: To: sl.lok@yandex.ru -- Headers: MIME-Version: 1.0  Content-type: text/html; charset=utf-8   From: Приватная партнерская программа <no-reply@cpa-private.biz>
[29-Sep-2016 12:55:53 Europe/Moscow] mail() on [/home/httpd/vhosts/cpa-private.biz/private/model/cpa-private.biz/sms.php:141]: To: sl.lok@yandex.ru -- Headers: MIME-Version: 1.0  Content-type: text/html; charset=utf-8   From: Приватная партнерская программа <no-reply@cpa-private.biz>
[29-Sep-2016 12:58:42 Europe/Moscow] mail() on [/home/httpd/vhosts/cpa-private.biz/private/model/cpa-private.biz/sms.php:141]: To: sl.lok@yandex.ru -- Headers: MIME-Version: 1.0  Content-type: text/html; charset=utf-8   From: Приватная партнерская программа <no-reply@cpa-private.biz>
[29-Sep-2016 13:00:36 Europe/Moscow] mail() on [/home/httpd/vhosts/cpa-private.biz/private/model/cpa-private.biz/sms.php:141]: To: sl.lok@yandex.ru -- Headers: MIME-Version: 1.0  Content-type: text/html; charset=utf-8   From: Приватная партнерская программа <no-reply@cpa-private.biz>
[29-Sep-2016 13:01:07 Europe/Moscow] mail() on [/home/httpd/vhosts/cpa-private.biz/private/model/cpa-private.biz/sms.php:141]: To: sl.lok@yandex.ru -- Headers: MIME-Version: 1.0  Content-type: text/html; charset=utf-8   From: Приватная партнерская программа <no-reply@cpa-private.biz>
[29-Sep-2016 14:23:45 Europe/Moscow] mail() on [/home/httpd/vhosts/cpa-private.biz/private/model/cpa-private.biz/user.php:280]: To: s1sim@mail.ru -- Headers: MIME-Version: 1.0  Content-type: text/html; charset=utf-8   From: Cpa-Private <no-reply@cpa-private.biz>
[29-Sep-2016 15:27:44 Europe/Moscow] mail() on [/home/httpd/vhosts/cpa-private.biz/private/model/cpa-private.biz/user.php:280]: To: asker_urchukov@mail.ru -- Headers: MIME-Version: 1.0  Content-type: text/html; charset=utf-8   From: Cpa-Private <no-reply@cpa-private.biz>
[29-Sep-2016 16:14:45 Europe/Moscow] mail() on [/home/httpd/vhosts/cpa-private.biz/private/model/cpa-private.biz/user.php:280]: To: bsv18-93@yandex.ru -- Headers: MIME-Version: 1.0  Content-type: text/html; charset=utf-8   From: Cpa-Private <no-reply@cpa-private.biz>
[01-Oct-2016 16:36:27 Europe/Moscow] mail() on [/home/httpd/vhosts/cpa-private.biz/private/model/cpa-private.biz/user.php:103]: To: sl.lok@yandex.ru -- Headers: MIME-Version: 1.0  Content-type: text/html; charset=utf-8   From: Приватная партнерская программа <no-reply@cpa-private.biz>
